mode: set
github.com/adrianpk/snapfig/internal/tui/model.go:104.70,114.2 2 1
github.com/adrianpk/snapfig/internal/tui/model.go:116.31,118.2 1 1
github.com/adrianpk/snapfig/internal/tui/model.go:120.57,121.27 1 1
github.com/adrianpk/snapfig/internal/tui/model.go:122.25,129.16 6 1
github.com/adrianpk/snapfig/internal/tui/model.go:131.19,133.21 2 1
github.com/adrianpk/snapfig/internal/tui/model.go:133.21,135.4 1 1
github.com/adrianpk/snapfig/internal/tui/model.go:135.9,138.4 1 1
github.com/adrianpk/snapfig/internal/tui/model.go:139.3,139.16 1 1
github.com/adrianpk/snapfig/internal/tui/model.go:141.22,143.21 2 1
github.com/adrianpk/snapfig/internal/tui/model.go:143.21,145.4 1 0
github.com/adrianpk/snapfig/internal/tui/model.go:145.9,148.4 1 1
github.com/adrianpk/snapfig/internal/tui/model.go:149.3,149.16 1 1
github.com/adrianpk/snapfig/internal/tui/model.go:151.19,153.21 2 1
github.com/adrianpk/snapfig/internal/tui/model.go:153.21,155.4 1 0
github.com/adrianpk/snapfig/internal/tui/model.go:155.9,157.4 1 1
github.com/adrianpk/snapfig/internal/tui/model.go:158.3,158.16 1 1
github.com/adrianpk/snapfig/internal/tui/model.go:160.19,162.21 2 1
github.com/adrianpk/snapfig/internal/tui/model.go:162.21,164.4 1 0
github.com/adrianpk/snapfig/internal/tui/model.go:164.9,164.24 1 1
github.com/adrianpk/snapfig/internal/tui/model.go:164.24,166.4 1 1
github.com/adrianpk/snapfig/internal/tui/model.go:166.9,168.4 1 1
github.com/adrianpk/snapfig/internal/tui/model.go:169.3,169.16 1 1
github.com/adrianpk/snapfig/internal/tui/model.go:171.21,173.21 2 1
github.com/adrianpk/snapfig/internal/tui/model.go:173.21,175.4 1 0
github.com/adrianpk/snapfig/internal/tui/model.go:175.9,178.4 1 1
github.com/adrianpk/snapfig/internal/tui/model.go:179.3,179.16 1 1
github.com/adrianpk/snapfig/internal/tui/model.go:181.19,183.21 2 1
github.com/adrianpk/snapfig/internal/tui/model.go:183.21,185.4 1 0
github.com/adrianpk/snapfig/internal/tui/model.go:185.9,187.18 2 1
github.com/adrianpk/snapfig/internal/tui/model.go:187.18,189.5 1 1
github.com/adrianpk/snapfig/internal/tui/model.go:190.4,191.48 1 1
github.com/adrianpk/snapfig/internal/tui/model.go:193.3,193.16 1 1
github.com/adrianpk/snapfig/internal/tui/model.go:195.31,198.21 3 1
github.com/adrianpk/snapfig/internal/tui/model.go:198.21,200.4 1 0
github.com/adrianpk/snapfig/internal/tui/model.go:200.9,203.4 1 1
github.com/adrianpk/snapfig/internal/tui/model.go:204.3,204.16 1 1
github.com/adrianpk/snapfig/internal/tui/model.go:206.36,210.16 3 0
github.com/adrianpk/snapfig/internal/tui/model.go:212.18,214.23 1 1
github.com/adrianpk/snapfig/internal/tui/model.go:215.24,216.22 1 1
github.com/adrianpk/snapfig/internal/tui/model.go:217.13,218.15 1 1
github.com/adrianpk/snapfig/internal/tui/model.go:218.15,222.5 3 0
github.com/adrianpk/snapfig/internal/tui/model.go:223.4,223.17 1 1
github.com/adrianpk/snapfig/internal/tui/model.go:224.13,225.15 1 0
github.com/adrianpk/snapfig/internal/tui/model.go:225.15,229.5 3 0
github.com/adrianpk/snapfig/internal/tui/model.go:230.4,230.17 1 0
github.com/adrianpk/snapfig/internal/tui/model.go:231.13,232.15 1 0
github.com/adrianpk/snapfig/internal/tui/model.go:232.15,236.5 3 0
github.com/adrianpk/snapfig/internal/tui/model.go:237.4,237.17 1 0
github.com/adrianpk/snapfig/internal/tui/model.go:238.13,239.15 1 0
github.com/adrianpk/snapfig/internal/tui/model.go:239.15,243.5 3 0
github.com/adrianpk/snapfig/internal/tui/model.go:244.4,244.17 1 0
github.com/adrianpk/snapfig/internal/tui/model.go:245.13,246.15 1 0
github.com/adrianpk/snapfig/internal/tui/model.go:246.15,250.5 3 0
github.com/adrianpk/snapfig/internal/tui/model.go:251.4,251.17 1 0
github.com/adrianpk/snapfig/internal/tui/model.go:252.13,253.15 1 0
github.com/adrianpk/snapfig/internal/tui/model.go:253.15,257.5 3 0
github.com/adrianpk/snapfig/internal/tui/model.go:258.4,258.17 1 0
github.com/adrianpk/snapfig/internal/tui/model.go:259.13,260.44 1 0
github.com/adrianpk/snapfig/internal/tui/model.go:260.44,261.33 1 0
github.com/adrianpk/snapfig/internal/tui/model.go:261.33,264.6 2 0
github.com/adrianpk/snapfig/internal/tui/model.go:265.5,268.36 4 0
github.com/adrianpk/snapfig/internal/tui/model.go:270.4,270.17 1 0
github.com/adrianpk/snapfig/internal/tui/model.go:271.13,272.44 1 0
github.com/adrianpk/snapfig/internal/tui/model.go:272.44,276.5 3 0
github.com/adrianpk/snapfig/internal/tui/model.go:277.4,277.17 1 0
github.com/adrianpk/snapfig/internal/tui/model.go:282.2,282.19 1 0
github.com/adrianpk/snapfig/internal/tui/model.go:283.20,286.16 3 0
github.com/adrianpk/snapfig/internal/tui/model.go:288.27,293.36 3 0
github.com/adrianpk/snapfig/internal/tui/model.go:293.36,297.4 3 0
github.com/adrianpk/snapfig/internal/tui/model.go:300.3,300.99 1 0
github.com/adrianpk/snapfig/internal/tui/model.go:300.99,302.26 2 0
github.com/adrianpk/snapfig/internal/tui/model.go:302.26,305.5 2 0
github.com/adrianpk/snapfig/internal/tui/model.go:306.4,308.44 3 0
github.com/adrianpk/snapfig/internal/tui/model.go:311.3,311.16 1 0
github.com/adrianpk/snapfig/internal/tui/model.go:313.22,318.28 3 0
github.com/adrianpk/snapfig/internal/tui/model.go:318.28,324.56 4 0
github.com/adrianpk/snapfig/internal/tui/model.go:324.56,326.5 1 0
github.com/adrianpk/snapfig/internal/tui/model.go:328.4,328.51 1 0
github.com/adrianpk/snapfig/internal/tui/model.go:328.51,330.5 1 0
github.com/adrianpk/snapfig/internal/tui/model.go:330.10,332.27 1 0
github.com/adrianpk/snapfig/internal/tui/model.go:332.27,333.72 1 0
github.com/adrianpk/snapfig/internal/tui/model.go:333.72,335.7 1 0
github.com/adrianpk/snapfig/internal/tui/model.go:335.12,337.7 1 0
github.com/adrianpk/snapfig/internal/tui/model.go:338.11,340.6 1 0
github.com/adrianpk/snapfig/internal/tui/model.go:342.4,343.17 2 0
github.com/adrianpk/snapfig/internal/tui/model.go:347.3,347.63 1 0
github.com/adrianpk/snapfig/internal/tui/model.go:347.63,350.4 2 0
github.com/adrianpk/snapfig/internal/tui/model.go:352.3,352.16 1 0
github.com/adrianpk/snapfig/internal/tui/model.go:355.2,355.15 1 0
github.com/adrianpk/snapfig/internal/tui/model.go:358.30,362.19 2 1
github.com/adrianpk/snapfig/internal/tui/model.go:363.20,364.33 1 1
github.com/adrianpk/snapfig/internal/tui/model.go:365.27,366.40 1 0
github.com/adrianpk/snapfig/internal/tui/model.go:367.22,368.35 1 0
github.com/adrianpk/snapfig/internal/tui/model.go:372.2,375.17 4 1
github.com/adrianpk/snapfig/internal/tui/model.go:375.17,377.3 1 1
github.com/adrianpk/snapfig/internal/tui/model.go:380.2,380.20 1 1
github.com/adrianpk/snapfig/internal/tui/model.go:380.20,382.44 2 1
github.com/adrianpk/snapfig/internal/tui/model.go:382.44,384.4 1 1
github.com/adrianpk/snapfig/internal/tui/model.go:384.9,384.20 1 1
github.com/adrianpk/snapfig/internal/tui/model.go:384.20,386.4 1 0
github.com/adrianpk/snapfig/internal/tui/model.go:386.9,388.4 1 1
github.com/adrianpk/snapfig/internal/tui/model.go:389.8,391.3 1 1
github.com/adrianpk/snapfig/internal/tui/model.go:394.2,397.19 3 1
github.com/adrianpk/snapfig/internal/tui/model.go:400.41,417.29 3 1
github.com/adrianpk/snapfig/internal/tui/model.go:417.29,421.3 3 1
github.com/adrianpk/snapfig/internal/tui/model.go:423.2,423.33 1 1
github.com/adrianpk/snapfig/internal/tui/model.go:427.52,429.2 1 0
github.com/adrianpk/snapfig/internal/tui/model.go:432.34,433.24 1 0
github.com/adrianpk/snapfig/internal/tui/model.go:433.24,436.25 2 0
github.com/adrianpk/snapfig/internal/tui/model.go:436.25,438.4 1 0
github.com/adrianpk/snapfig/internal/tui/model.go:440.3,441.32 2 0
github.com/adrianpk/snapfig/internal/tui/model.go:441.32,443.43 2 0
github.com/adrianpk/snapfig/internal/tui/model.go:443.43,445.5 1 0
github.com/adrianpk/snapfig/internal/tui/model.go:446.4,450.6 1 0
github.com/adrianpk/snapfig/internal/tui/model.go:454.3,455.17 2 0
github.com/adrianpk/snapfig/internal/tui/model.go:455.17,457.4 1 0
github.com/adrianpk/snapfig/internal/tui/model.go:458.3,459.48 2 0
github.com/adrianpk/snapfig/internal/tui/model.go:459.48,461.4 1 0
github.com/adrianpk/snapfig/internal/tui/model.go:464.3,465.17 2 0
github.com/adrianpk/snapfig/internal/tui/model.go:465.17,467.4 1 0
github.com/adrianpk/snapfig/internal/tui/model.go:469.3,470.17 2 0
github.com/adrianpk/snapfig/internal/tui/model.go:470.17,472.4 1 0
github.com/adrianpk/snapfig/internal/tui/model.go:474.3,480.4 1 0
github.com/adrianpk/snapfig/internal/tui/model.go:485.37,486.24 1 0
github.com/adrianpk/snapfig/internal/tui/model.go:486.24,487.31 1 0
github.com/adrianpk/snapfig/internal/tui/model.go:487.31,489.4 1 0
github.com/adrianpk/snapfig/internal/tui/model.go:491.3,492.17 2 0
github.com/adrianpk/snapfig/internal/tui/model.go:492.17,494.4 1 0
github.com/adrianpk/snapfig/internal/tui/model.go:496.3,497.17 2 0
github.com/adrianpk/snapfig/internal/tui/model.go:497.17,499.4 1 0
github.com/adrianpk/snapfig/internal/tui/model.go:501.3,507.4 1 0
github.com/adrianpk/snapfig/internal/tui/model.go:512.34,514.24 2 0
github.com/adrianpk/snapfig/internal/tui/model.go:514.24,515.53 1 0
github.com/adrianpk/snapfig/internal/tui/model.go:515.53,517.4 1 0
github.com/adrianpk/snapfig/internal/tui/model.go:518.3,518.23 1 0
github.com/adrianpk/snapfig/internal/tui/model.go:523.34,526.24 3 0
github.com/adrianpk/snapfig/internal/tui/model.go:526.24,528.17 2 0
github.com/adrianpk/snapfig/internal/tui/model.go:528.17,530.4 1 0
github.com/adrianpk/snapfig/internal/tui/model.go:531.3,531.44 1 0
github.com/adrianpk/snapfig/internal/tui/model.go:536.36,541.24 5 0
github.com/adrianpk/snapfig/internal/tui/model.go:541.24,543.25 1 0
github.com/adrianpk/snapfig/internal/tui/model.go:543.25,545.4 1 0
github.com/adrianpk/snapfig/internal/tui/model.go:547.3,548.32 2 0
github.com/adrianpk/snapfig/internal/tui/model.go:548.32,550.43 2 0
github.com/adrianpk/snapfig/internal/tui/model.go:550.43,552.5 1 0
github.com/adrianpk/snapfig/internal/tui/model.go:553.4,557.6 1 0
github.com/adrianpk/snapfig/internal/tui/model.go:561.3,561.46 1 0
github.com/adrianpk/snapfig/internal/tui/model.go:561.46,563.4 1 0
github.com/adrianpk/snapfig/internal/tui/model.go:566.3,567.17 2 0
github.com/adrianpk/snapfig/internal/tui/model.go:567.17,569.4 1 0
github.com/adrianpk/snapfig/internal/tui/model.go:571.3,572.17 2 0
github.com/adrianpk/snapfig/internal/tui/model.go:572.17,574.4 1 0
github.com/adrianpk/snapfig/internal/tui/model.go:577.3,577.53 1 0
github.com/adrianpk/snapfig/internal/tui/model.go:577.53,579.4 1 0
github.com/adrianpk/snapfig/internal/tui/model.go:581.3,587.4 1 0
github.com/adrianpk/snapfig/internal/tui/model.go:592.34,596.24 4 0
github.com/adrianpk/snapfig/internal/tui/model.go:596.24,599.17 2 0
github.com/adrianpk/snapfig/internal/tui/model.go:599.17,601.4 1 0
github.com/adrianpk/snapfig/internal/tui/model.go:604.3,604.29 1 0
github.com/adrianpk/snapfig/internal/tui/model.go:604.29,606.4 1 0
github.com/adrianpk/snapfig/internal/tui/model.go:608.3,609.17 2 0
github.com/adrianpk/snapfig/internal/tui/model.go:609.17,611.4 1 0
github.com/adrianpk/snapfig/internal/tui/model.go:613.3,614.17 2 0
github.com/adrianpk/snapfig/internal/tui/model.go:614.17,616.4 1 0
github.com/adrianpk/snapfig/internal/tui/model.go:618.3,625.4 1 0
github.com/adrianpk/snapfig/internal/tui/model.go:630.45,631.24 1 0
github.com/adrianpk/snapfig/internal/tui/model.go:631.24,633.17 2 0
github.com/adrianpk/snapfig/internal/tui/model.go:633.17,635.4 1 0
github.com/adrianpk/snapfig/internal/tui/model.go:637.3,638.66 2 0
github.com/adrianpk/snapfig/internal/tui/model.go:643.60,644.24 1 0
github.com/adrianpk/snapfig/internal/tui/model.go:644.24,646.17 2 0
github.com/adrianpk/snapfig/internal/tui/model.go:646.17,648.4 1 0
github.com/adrianpk/snapfig/internal/tui/model.go:650.3,651.17 2 0
github.com/adrianpk/snapfig/internal/tui/model.go:651.17,653.4 1 0
github.com/adrianpk/snapfig/internal/tui/model.go:655.3,661.4 1 0
github.com/adrianpk/snapfig/internal/config/config.go:45.41,47.16 2 1
github.com/adrianpk/snapfig/internal/config/config.go:47.16,49.3 1 0
github.com/adrianpk/snapfig/internal/config/config.go:50.2,50.55 1 1
github.com/adrianpk/snapfig/internal/config/config.go:54.40,56.16 2 1
github.com/adrianpk/snapfig/internal/config/config.go:56.16,58.3 1 0
github.com/adrianpk/snapfig/internal/config/config.go:59.2,59.54 1 1
github.com/adrianpk/snapfig/internal/config/config.go:63.42,65.16 2 1
github.com/adrianpk/snapfig/internal/config/config.go:65.16,67.3 1 0
github.com/adrianpk/snapfig/internal/config/config.go:68.2,68.45 1 1
github.com/adrianpk/snapfig/internal/config/config.go:72.36,74.16 2 1
github.com/adrianpk/snapfig/internal/config/config.go:74.16,76.3 1 0
github.com/adrianpk/snapfig/internal/config/config.go:77.2,77.46 1 1
github.com/adrianpk/snapfig/internal/config/config.go:81.36,83.16 2 1
github.com/adrianpk/snapfig/internal/config/config.go:83.16,85.3 1 0
github.com/adrianpk/snapfig/internal/config/config.go:86.2,86.46 1 1
github.com/adrianpk/snapfig/internal/config/config.go:90.41,92.16 2 1
github.com/adrianpk/snapfig/internal/config/config.go:92.16,94.3 1 1
github.com/adrianpk/snapfig/internal/config/config.go:96.2,97.51 2 1
github.com/adrianpk/snapfig/internal/config/config.go:97.51,99.3 1 1
github.com/adrianpk/snapfig/internal/config/config.go:101.2,101.19 1 1
github.com/adrianpk/snapfig/internal/config/config.go:101.19,103.3 1 1
github.com/adrianpk/snapfig/internal/config/config.go:105.2,105.18 1 1
github.com/adrianpk/snapfig/internal/config/config.go:109.42,111.47 2 1
github.com/adrianpk/snapfig/internal/config/config.go:111.47,113.3 1 0
github.com/adrianpk/snapfig/internal/config/config.go:115.2,116.16 2 1
github.com/adrianpk/snapfig/internal/config/config.go:116.16,118.3 1 0
github.com/adrianpk/snapfig/internal/config/config.go:120.2,120.39 1 1
github.com/adrianpk/snapfig/internal/config/config.go:124.35,125.55 1 1
github.com/adrianpk/snapfig/internal/config/config.go:125.55,127.3 1 1
github.com/adrianpk/snapfig/internal/config/config.go:128.2,128.12 1 1
github.com/adrianpk/snapfig/internal/config/config.go:133.60,134.17 1 1
github.com/adrianpk/snapfig/internal/config/config.go:134.17,136.3 1 1
github.com/adrianpk/snapfig/internal/config/config.go:137.2,137.15 1 1
github.com/adrianpk/snapfig/internal/config/config.go:141.45,142.23 1 1
github.com/adrianpk/snapfig/internal/config/config.go:142.23,144.52 1 1
github.com/adrianpk/snapfig/internal/config/config.go:144.52,146.18 2 1
github.com/adrianpk/snapfig/internal/config/config.go:146.18,148.5 1 0
github.com/adrianpk/snapfig/internal/config/config.go:149.4,149.52 1 1
github.com/adrianpk/snapfig/internal/config/config.go:151.3,151.26 1 1
github.com/adrianpk/snapfig/internal/config/config.go:153.2,153.26 1 1
github.com/adrianpk/snapfig/internal/config/config.go:157.47,159.16 2 1
github.com/adrianpk/snapfig/internal/config/config.go:159.16,161.3 1 0
github.com/adrianpk/snapfig/internal/config/config.go:162.2,162.36 1 1
github.com/adrianpk/snapfig/cmd/copy.go:18.13,20.2 1 1
github.com/adrianpk/snapfig/cmd/copy.go:22.55,24.16 2 0
github.com/adrianpk/snapfig/cmd/copy.go:24.16,26.3 1 0
github.com/adrianpk/snapfig/cmd/copy.go:28.2,28.28 1 0
github.com/adrianpk/snapfig/cmd/copy.go:28.28,31.3 2 0
github.com/adrianpk/snapfig/cmd/copy.go:33.2,34.16 2 0
github.com/adrianpk/snapfig/cmd/copy.go:34.16,36.3 1 0
github.com/adrianpk/snapfig/cmd/copy.go:38.2,40.16 3 0
github.com/adrianpk/snapfig/cmd/copy.go:40.16,42.3 1 0
github.com/adrianpk/snapfig/cmd/copy.go:44.2,44.34 1 0
github.com/adrianpk/snapfig/cmd/copy.go:44.34,46.3 1 0
github.com/adrianpk/snapfig/cmd/copy.go:47.2,47.35 1 0
github.com/adrianpk/snapfig/cmd/copy.go:47.35,49.3 1 0
github.com/adrianpk/snapfig/cmd/copy.go:51.2,53.12 3 0
github.com/adrianpk/snapfig/cmd/daemon.go:47.13,53.2 5 1
github.com/adrianpk/snapfig/cmd/daemon.go:55.62,57.13 2 0
github.com/adrianpk/snapfig/cmd/daemon.go:57.13,59.3 1 0
github.com/adrianpk/snapfig/cmd/daemon.go:62.2,63.16 2 0
github.com/adrianpk/snapfig/cmd/daemon.go:63.16,65.3 1 0
github.com/adrianpk/snapfig/cmd/daemon.go:67.2,68.16 2 0
github.com/adrianpk/snapfig/cmd/daemon.go:68.16,70.3 1 0
github.com/adrianpk/snapfig/cmd/daemon.go:71.2,71.54 1 0
github.com/adrianpk/snapfig/cmd/daemon.go:71.54,73.3 1 0
github.com/adrianpk/snapfig/cmd/daemon.go:76.2,77.16 2 0
github.com/adrianpk/snapfig/cmd/daemon.go:77.16,79.3 1 0
github.com/adrianpk/snapfig/cmd/daemon.go:82.2,83.16 2 0
github.com/adrianpk/snapfig/cmd/daemon.go:83.16,85.3 1 0
github.com/adrianpk/snapfig/cmd/daemon.go:87.2,94.37 5 0
github.com/adrianpk/snapfig/cmd/daemon.go:94.37,96.3 1 0
github.com/adrianpk/snapfig/cmd/daemon.go:98.2,99.12 2 0
github.com/adrianpk/snapfig/cmd/daemon.go:102.61,104.14 2 0
github.com/adrianpk/snapfig/cmd/daemon.go:104.14,107.3 2 0
github.com/adrianpk/snapfig/cmd/daemon.go:109.2,110.16 2 0
github.com/adrianpk/snapfig/cmd/daemon.go:110.16,112.3 1 0
github.com/adrianpk/snapfig/cmd/daemon.go:114.2,114.53 1 0
github.com/adrianpk/snapfig/cmd/daemon.go:114.53,116.3 1 0
github.com/adrianpk/snapfig/cmd/daemon.go:119.2,123.12 4 0
github.com/adrianpk/snapfig/cmd/daemon.go:126.63,128.14 2 0
github.com/adrianpk/snapfig/cmd/daemon.go:128.14,131.3 2 0
github.com/adrianpk/snapfig/cmd/daemon.go:133.2,139.49 5 0
github.com/adrianpk/snapfig/cmd/daemon.go:139.49,141.36 2 0
github.com/adrianpk/snapfig/cmd/daemon.go:141.36,143.4 1 0
github.com/adrianpk/snapfig/cmd/daemon.go:144.3,144.36 1 0
github.com/adrianpk/snapfig/cmd/daemon.go:144.36,147.4 2 0
github.com/adrianpk/snapfig/cmd/daemon.go:150.2,150.12 1 0
github.com/adrianpk/snapfig/cmd/daemon.go:153.67,155.16 2 0
github.com/adrianpk/snapfig/cmd/daemon.go:155.16,157.3 1 0
github.com/adrianpk/snapfig/cmd/daemon.go:158.2,161.16 3 0
github.com/adrianpk/snapfig/cmd/daemon.go:161.16,163.3 1 0
github.com/adrianpk/snapfig/cmd/daemon.go:165.2,166.16 2 0
github.com/adrianpk/snapfig/cmd/daemon.go:166.16,168.3 1 0
github.com/adrianpk/snapfig/cmd/daemon.go:170.2,170.16 1 0
github.com/adrianpk/snapfig/cmd/daemon.go:173.33,175.16 2 0
github.com/adrianpk/snapfig/cmd/daemon.go:175.16,177.3 1 0
github.com/adrianpk/snapfig/cmd/daemon.go:179.2,180.16 2 0
github.com/adrianpk/snapfig/cmd/daemon.go:180.16,182.3 1 0
github.com/adrianpk/snapfig/cmd/daemon.go:184.2,185.16 2 0
github.com/adrianpk/snapfig/cmd/daemon.go:185.16,187.3 1 0
github.com/adrianpk/snapfig/cmd/daemon.go:190.2,191.16 2 0
github.com/adrianpk/snapfig/cmd/daemon.go:191.16,193.3 1 0
github.com/adrianpk/snapfig/cmd/daemon.go:196.2,196.55 1 0
github.com/adrianpk/snapfig/cmd/daemon.go:196.55,198.3 1 0
github.com/adrianpk/snapfig/cmd/daemon.go:200.2,200.18 1 0
github.com/adrianpk/snapfig/cmd/pull.go:18.13,20.2 1 1
github.com/adrianpk/snapfig/cmd/pull.go:22.55,24.16 2 0
github.com/adrianpk/snapfig/cmd/pull.go:24.16,26.3 1 0
github.com/adrianpk/snapfig/cmd/pull.go:28.2,29.16 2 0
github.com/adrianpk/snapfig/cmd/pull.go:29.16,31.3 1 0
github.com/adrianpk/snapfig/cmd/pull.go:33.2,34.21 2 0
github.com/adrianpk/snapfig/cmd/pull.go:34.21,37.17 2 0
github.com/adrianpk/snapfig/cmd/pull.go:37.17,39.4 1 0
github.com/adrianpk/snapfig/cmd/pull.go:40.3,40.17 1 0
github.com/adrianpk/snapfig/cmd/pull.go:40.17,42.4 1 0
github.com/adrianpk/snapfig/cmd/pull.go:43.3,43.18 1 0
github.com/adrianpk/snapfig/cmd/pull.go:46.2,48.16 3 0
github.com/adrianpk/snapfig/cmd/pull.go:48.16,50.3 1 0
github.com/adrianpk/snapfig/cmd/pull.go:52.2,52.19 1 0
github.com/adrianpk/snapfig/cmd/pull.go:52.19,54.3 1 0
github.com/adrianpk/snapfig/cmd/pull.go:54.8,56.3 1 0
github.com/adrianpk/snapfig/cmd/pull.go:57.2,57.12 1 0
github.com/adrianpk/snapfig/cmd/push.go:18.13,20.2 1 1
github.com/adrianpk/snapfig/cmd/push.go:22.55,24.16 2 0
github.com/adrianpk/snapfig/cmd/push.go:24.16,26.3 1 0
github.com/adrianpk/snapfig/cmd/push.go:28.2,29.16 2 0
github.com/adrianpk/snapfig/cmd/push.go:29.16,31.3 1 0
github.com/adrianpk/snapfig/cmd/push.go:33.2,34.16 2 0
github.com/adrianpk/snapfig/cmd/push.go:34.16,36.3 1 0
github.com/adrianpk/snapfig/cmd/push.go:37.2,37.16 1 0
github.com/adrianpk/snapfig/cmd/push.go:37.16,39.3 1 0
github.com/adrianpk/snapfig/cmd/push.go:41.2,42.52 2 0
github.com/adrianpk/snapfig/cmd/push.go:42.52,44.3 1 0
github.com/adrianpk/snapfig/cmd/push.go:46.2,47.12 2 0
github.com/adrianpk/snapfig/cmd/restore.go:20.13,22.2 1 1
github.com/adrianpk/snapfig/cmd/restore.go:24.58,26.16 2 0
github.com/adrianpk/snapfig/cmd/restore.go:26.16,28.3 1 0
github.com/adrianpk/snapfig/cmd/restore.go:29.2,32.16 3 0
github.com/adrianpk/snapfig/cmd/restore.go:32.16,34.3 1 0
github.com/adrianpk/snapfig/cmd/restore.go:36.2,36.28 1 0
github.com/adrianpk/snapfig/cmd/restore.go:36.28,39.3 2 0
github.com/adrianpk/snapfig/cmd/restore.go:41.2,42.16 2 0
github.com/adrianpk/snapfig/cmd/restore.go:42.16,44.3 1 0
github.com/adrianpk/snapfig/cmd/restore.go:46.2,48.16 3 0
github.com/adrianpk/snapfig/cmd/restore.go:48.16,50.3 1 0
github.com/adrianpk/snapfig/cmd/restore.go:52.2,52.35 1 0
github.com/adrianpk/snapfig/cmd/restore.go:52.35,54.3 1 0
github.com/adrianpk/snapfig/cmd/restore.go:55.2,55.36 1 0
github.com/adrianpk/snapfig/cmd/restore.go:55.36,57.3 1 0
github.com/adrianpk/snapfig/cmd/restore.go:58.2,58.35 1 0
github.com/adrianpk/snapfig/cmd/restore.go:58.35,60.3 1 0
github.com/adrianpk/snapfig/cmd/restore.go:62.2,64.12 2 0
github.com/adrianpk/snapfig/cmd/root.go:22.54,25.3 1 0
github.com/adrianpk/snapfig/cmd/root.go:29.22,31.2 1 0
github.com/adrianpk/snapfig/cmd/root.go:33.13,40.2 4 1
github.com/adrianpk/snapfig/cmd/root.go:42.19,43.19 1 1
github.com/adrianpk/snapfig/cmd/root.go:43.19,46.3 2 1
github.com/adrianpk/snapfig/cmd/root.go:48.2,49.16 2 1
github.com/adrianpk/snapfig/cmd/root.go:49.16,51.3 1 0
github.com/adrianpk/snapfig/cmd/root.go:53.2,58.22 5 1
github.com/adrianpk/snapfig/cmd/root.go:62.43,64.16 2 0
github.com/adrianpk/snapfig/cmd/root.go:64.16,66.3 1 0
github.com/adrianpk/snapfig/cmd/root.go:67.2,70.16 3 0
github.com/adrianpk/snapfig/cmd/root.go:70.16,72.3 1 0
github.com/adrianpk/snapfig/cmd/root.go:73.2,73.17 1 0
github.com/adrianpk/snapfig/cmd/setup.go:42.13,56.2 11 1
github.com/adrianpk/snapfig/cmd/setup.go:58.56,61.16 2 0
github.com/adrianpk/snapfig/cmd/setup.go:61.16,63.3 1 0
github.com/adrianpk/snapfig/cmd/setup.go:64.2,66.62 2 0
github.com/adrianpk/snapfig/cmd/setup.go:66.62,68.3 1 0
github.com/adrianpk/snapfig/cmd/setup.go:71.2,72.16 2 0
github.com/adrianpk/snapfig/cmd/setup.go:72.16,74.3 1 0
github.com/adrianpk/snapfig/cmd/setup.go:76.2,76.24 1 0
github.com/adrianpk/snapfig/cmd/setup.go:76.24,78.3 1 0
github.com/adrianpk/snapfig/cmd/setup.go:81.2,95.45 2 0
github.com/adrianpk/snapfig/cmd/setup.go:95.45,97.3 1 0
github.com/adrianpk/snapfig/cmd/setup.go:98.2,102.29 3 0
github.com/adrianpk/snapfig/cmd/setup.go:102.29,104.37 2 0
github.com/adrianpk/snapfig/cmd/setup.go:104.37,106.4 1 0
github.com/adrianpk/snapfig/cmd/setup.go:107.3,107.42 1 0
github.com/adrianpk/snapfig/cmd/setup.go:111.2,113.16 3 0
github.com/adrianpk/snapfig/cmd/setup.go:113.16,115.3 1 0
github.com/adrianpk/snapfig/cmd/setup.go:117.2,118.16 2 0
github.com/adrianpk/snapfig/cmd/setup.go:118.16,120.3 1 0
github.com/adrianpk/snapfig/cmd/setup.go:121.2,124.23 2 0
github.com/adrianpk/snapfig/cmd/setup.go:124.23,126.17 2 0
github.com/adrianpk/snapfig/cmd/setup.go:126.17,128.4 1 0
github.com/adrianpk/snapfig/cmd/setup.go:128.9,128.73 1 0
github.com/adrianpk/snapfig/cmd/setup.go:128.73,130.4 1 0
github.com/adrianpk/snapfig/cmd/setup.go:130.9,132.4 1 0
github.com/adrianpk/snapfig/cmd/setup.go:136.2,136.20 1 0
github.com/adrianpk/snapfig/cmd/setup.go:136.20,138.48 2 0
github.com/adrianpk/snapfig/cmd/setup.go:138.48,141.4 2 0
github.com/adrianpk/snapfig/cmd/setup.go:141.9,143.4 1 0
github.com/adrianpk/snapfig/cmd/setup.go:147.2,149.12 2 0
github.com/adrianpk/snapfig/cmd/setup.go:152.60,156.29 3 0
github.com/adrianpk/snapfig/cmd/setup.go:156.29,158.17 2 0
github.com/adrianpk/snapfig/cmd/setup.go:158.17,159.12 1 0
github.com/adrianpk/snapfig/cmd/setup.go:163.3,166.74 3 0
github.com/adrianpk/snapfig/cmd/setup.go:166.74,169.33 3 0
github.com/adrianpk/snapfig/cmd/setup.go:170.13,171.36 1 0
github.com/adrianpk/snapfig/cmd/setup.go:172.13,173.35 1 0
github.com/adrianpk/snapfig/cmd/setup.go:174.12,175.91 1 0
github.com/adrianpk/snapfig/cmd/setup.go:177.9,179.4 1 0
github.com/adrianpk/snapfig/cmd/setup.go:182.3,186.17 4 0
github.com/adrianpk/snapfig/cmd/setup.go:186.17,187.12 1 0
github.com/adrianpk/snapfig/cmd/setup.go:190.3,194.5 1 0
github.com/adrianpk/snapfig/cmd/setup.go:197.2,197.22 1 0
github.com/adrianpk/snapfig/cmd/setup.go:200.35,202.13 2 0
github.com/adrianpk/snapfig/cmd/setup.go:202.13,204.3 1 0
github.com/adrianpk/snapfig/cmd/setup.go:207.2,207.49 1 0
github.com/adrianpk/snapfig/cmd/setup.go:210.37,236.2 24 0
github.com/adrianpk/snapfig/cmd/tui.go:22.13,25.2 2 1
github.com/adrianpk/snapfig/cmd/tui.go:27.54,29.16 2 0
github.com/adrianpk/snapfig/cmd/tui.go:29.16,31.3 1 0
github.com/adrianpk/snapfig/cmd/tui.go:32.2,36.16 3 0
github.com/adrianpk/snapfig/cmd/tui.go:36.16,40.3 1 0
github.com/adrianpk/snapfig/cmd/tui.go:42.2,46.12 4 0
github.com/adrianpk/snapfig/internal/daemon/daemon.go:28.66,30.16 2 1
github.com/adrianpk/snapfig/internal/daemon/daemon.go:30.16,32.3 1 0
github.com/adrianpk/snapfig/internal/daemon/daemon.go:34.2,41.43 2 1
github.com/adrianpk/snapfig/internal/daemon/daemon.go:41.43,43.3 1 1
github.com/adrianpk/snapfig/internal/daemon/daemon.go:45.2,45.15 1 1
github.com/adrianpk/snapfig/internal/daemon/daemon.go:49.41,54.37 4 1
github.com/adrianpk/snapfig/internal/daemon/daemon.go:54.37,56.17 2 1
github.com/adrianpk/snapfig/internal/daemon/daemon.go:56.17,58.4 1 1
github.com/adrianpk/snapfig/internal/daemon/daemon.go:59.3,59.23 1 1
github.com/adrianpk/snapfig/internal/daemon/daemon.go:62.2,62.37 1 1
github.com/adrianpk/snapfig/internal/daemon/daemon.go:62.37,64.17 2 1
github.com/adrianpk/snapfig/internal/daemon/daemon.go:64.17,66.4 1 1
github.com/adrianpk/snapfig/internal/daemon/daemon.go:67.3,67.23 1 1
github.com/adrianpk/snapfig/internal/daemon/daemon.go:70.2,70.37 1 1
github.com/adrianpk/snapfig/internal/daemon/daemon.go:70.37,72.17 2 1
github.com/adrianpk/snapfig/internal/daemon/daemon.go:72.17,74.4 1 1
github.com/adrianpk/snapfig/internal/daemon/daemon.go:75.3,75.23 1 1
github.com/adrianpk/snapfig/internal/daemon/daemon.go:78.2,78.12 1 1
github.com/adrianpk/snapfig/internal/daemon/daemon.go:82.38,84.16 2 1
github.com/adrianpk/snapfig/internal/daemon/daemon.go:84.16,87.3 2 1
github.com/adrianpk/snapfig/internal/daemon/daemon.go:90.2,95.43 5 1
github.com/adrianpk/snapfig/internal/daemon/daemon.go:95.43,98.3 2 1
github.com/adrianpk/snapfig/internal/daemon/daemon.go:100.2,104.13 2 1
github.com/adrianpk/snapfig/internal/daemon/daemon.go:104.13,109.3 4 1
github.com/adrianpk/snapfig/internal/daemon/daemon.go:111.2,111.16 1 1
github.com/adrianpk/snapfig/internal/daemon/daemon.go:115.30,116.71 1 1
github.com/adrianpk/snapfig/internal/daemon/daemon.go:116.71,118.3 1 1
github.com/adrianpk/snapfig/internal/daemon/daemon.go:121.2,121.41 1 0
github.com/adrianpk/snapfig/internal/daemon/daemon.go:121.41,123.3 1 0
github.com/adrianpk/snapfig/internal/daemon/daemon.go:124.2,139.24 10 0
github.com/adrianpk/snapfig/internal/daemon/daemon.go:139.24,143.3 3 0
github.com/adrianpk/snapfig/internal/daemon/daemon.go:145.2,145.24 1 0
github.com/adrianpk/snapfig/internal/daemon/daemon.go:145.24,149.3 3 0
github.com/adrianpk/snapfig/internal/daemon/daemon.go:151.2,151.24 1 0
github.com/adrianpk/snapfig/internal/daemon/daemon.go:151.24,155.3 3 0
github.com/adrianpk/snapfig/internal/daemon/daemon.go:158.2,158.6 1 0
github.com/adrianpk/snapfig/internal/daemon/daemon.go:158.6,159.10 1 0
github.com/adrianpk/snapfig/internal/daemon/daemon.go:160.18,162.14 2 0
github.com/adrianpk/snapfig/internal/daemon/daemon.go:164.19,165.14 1 0
github.com/adrianpk/snapfig/internal/daemon/daemon.go:167.19,168.14 1 0
github.com/adrianpk/snapfig/internal/daemon/daemon.go:170.19,171.14 1 0
github.com/adrianpk/snapfig/internal/daemon/daemon.go:176.27,183.16 4 1
github.com/adrianpk/snapfig/internal/daemon/daemon.go:183.16,186.3 2 0
github.com/adrianpk/snapfig/internal/daemon/daemon.go:188.2,189.16 2 1
github.com/adrianpk/snapfig/internal/daemon/daemon.go:189.16,192.3 2 0
github.com/adrianpk/snapfig/internal/daemon/daemon.go:194.2,197.34 2 1
github.com/adrianpk/snapfig/internal/daemon/daemon.go:197.34,199.3 1 0
github.com/adrianpk/snapfig/internal/daemon/daemon.go:200.2,200.35 1 1
github.com/adrianpk/snapfig/internal/daemon/daemon.go:200.35,202.3 1 1
github.com/adrianpk/snapfig/internal/daemon/daemon.go:205.27,208.54 2 1
github.com/adrianpk/snapfig/internal/daemon/daemon.go:208.54,211.3 2 1
github.com/adrianpk/snapfig/internal/daemon/daemon.go:213.2,213.31 1 0
github.com/adrianpk/snapfig/internal/daemon/daemon.go:216.27,220.16 3 1
github.com/adrianpk/snapfig/internal/daemon/daemon.go:220.16,223.3 2 1
github.com/adrianpk/snapfig/internal/daemon/daemon.go:225.2,225.19 1 0
github.com/adrianpk/snapfig/internal/daemon/daemon.go:225.19,227.3 1 0
github.com/adrianpk/snapfig/internal/daemon/daemon.go:227.8,229.3 1 0
github.com/adrianpk/snapfig/internal/daemon/daemon.go:231.2,231.30 1 0
github.com/adrianpk/snapfig/internal/daemon/daemon.go:231.30,233.3 1 0
github.com/adrianpk/snapfig/internal/daemon/daemon.go:236.30,240.16 3 1
github.com/adrianpk/snapfig/internal/daemon/daemon.go:240.16,243.3 2 0
github.com/adrianpk/snapfig/internal/daemon/daemon.go:245.2,246.16 2 1
github.com/adrianpk/snapfig/internal/daemon/daemon.go:246.16,249.3 2 0
github.com/adrianpk/snapfig/internal/daemon/daemon.go:251.2,252.44 1 1
github.com/adrianpk/snapfig/internal/daemon/daemon.go:255.39,257.16 2 1
github.com/adrianpk/snapfig/internal/daemon/daemon.go:257.16,259.3 1 0
github.com/adrianpk/snapfig/internal/daemon/daemon.go:261.2,262.16 2 1
github.com/adrianpk/snapfig/internal/daemon/daemon.go:262.16,264.3 1 0
github.com/adrianpk/snapfig/internal/daemon/daemon.go:265.2,265.54 1 1
github.com/adrianpk/snapfig/internal/daemon/daemon.go:265.54,267.3 1 0
github.com/adrianpk/snapfig/internal/daemon/daemon.go:269.2,269.76 1 1
github.com/adrianpk/snapfig/internal/daemon/daemon.go:272.34,275.2 2 1
github.com/adrianpk/snapfig/internal/paths/known.go:11.23,81.2 1 1
github.com/adrianpk/snapfig/internal/paths/known.go:84.35,86.16 2 1
github.com/adrianpk/snapfig/internal/paths/known.go:86.16,88.3 1 0
github.com/adrianpk/snapfig/internal/paths/known.go:90.2,91.28 2 1
github.com/adrianpk/snapfig/internal/paths/known.go:91.28,93.42 2 1
github.com/adrianpk/snapfig/internal/paths/known.go:93.42,95.4 1 1
github.com/adrianpk/snapfig/internal/paths/known.go:97.2,97.22 1 1
github.com/adrianpk/snapfig/internal/snapfig/copier.go:40.53,42.16 2 1
github.com/adrianpk/snapfig/internal/snapfig/copier.go:42.16,44.3 1 0
github.com/adrianpk/snapfig/internal/snapfig/copier.go:46.2,47.16 2 1
github.com/adrianpk/snapfig/internal/snapfig/copier.go:47.16,49.3 1 0
github.com/adrianpk/snapfig/internal/snapfig/copier.go:51.2,58.8 2 1
github.com/adrianpk/snapfig/internal/snapfig/copier.go:62.46,66.54 3 1
github.com/adrianpk/snapfig/internal/snapfig/copier.go:66.54,68.3 1 0
github.com/adrianpk/snapfig/internal/snapfig/copier.go:70.2,70.35 1 1
github.com/adrianpk/snapfig/internal/snapfig/copier.go:70.35,71.17 1 1
github.com/adrianpk/snapfig/internal/snapfig/copier.go:71.17,72.12 1 1
github.com/adrianpk/snapfig/internal/snapfig/copier.go:75.3,79.25 4 1
github.com/adrianpk/snapfig/internal/snapfig/copier.go:79.25,81.12 2 1
github.com/adrianpk/snapfig/internal/snapfig/copier.go:83.3,83.17 1 1
github.com/adrianpk/snapfig/internal/snapfig/copier.go:83.17,85.4 1 0
github.com/adrianpk/snapfig/internal/snapfig/copier.go:88.3,89.71 2 1
github.com/adrianpk/snapfig/internal/snapfig/copier.go:89.71,91.4 1 0
github.com/adrianpk/snapfig/internal/snapfig/copier.go:93.3,98.48 2 1
github.com/adrianpk/snapfig/internal/snapfig/copier.go:102.2,102.42 1 1
github.com/adrianpk/snapfig/internal/snapfig/copier.go:102.42,104.3 1 0
github.com/adrianpk/snapfig/internal/snapfig/copier.go:107.2,107.50 1 1
github.com/adrianpk/snapfig/internal/snapfig/copier.go:107.50,110.3 1 0
github.com/adrianpk/snapfig/internal/snapfig/copier.go:110.8,112.54 2 1
github.com/adrianpk/snapfig/internal/snapfig/copier.go:112.54,114.4 1 0
github.com/adrianpk/snapfig/internal/snapfig/copier.go:117.2,117.20 1 1
github.com/adrianpk/snapfig/internal/snapfig/copier.go:121.40,131.37 8 1
github.com/adrianpk/snapfig/internal/snapfig/copier.go:131.37,133.17 2 1
github.com/adrianpk/snapfig/internal/snapfig/copier.go:133.17,135.4 1 1
github.com/adrianpk/snapfig/internal/snapfig/copier.go:137.3,138.44 2 1
github.com/adrianpk/snapfig/internal/snapfig/copier.go:138.44,140.4 1 1
github.com/adrianpk/snapfig/internal/snapfig/copier.go:140.9,140.50 1 1
github.com/adrianpk/snapfig/internal/snapfig/copier.go:140.50,142.4 1 1
github.com/adrianpk/snapfig/internal/snapfig/copier.go:144.3,144.82 1 1
github.com/adrianpk/snapfig/internal/snapfig/copier.go:147.2,150.58 3 1
github.com/adrianpk/snapfig/internal/snapfig/copy.go:13.94,15.16 2 1
github.com/adrianpk/snapfig/internal/snapfig/copy.go:15.16,17.3 1 0
github.com/adrianpk/snapfig/internal/snapfig/copy.go:19.2,19.19 1 1
github.com/adrianpk/snapfig/internal/snapfig/copy.go:19.19,21.3 1 1
github.com/adrianpk/snapfig/internal/snapfig/copy.go:23.2,23.45 1 1
github.com/adrianpk/snapfig/internal/snapfig/copy.go:28.93,30.16 2 1
github.com/adrianpk/snapfig/internal/snapfig/copy.go:30.16,32.3 1 0
github.com/adrianpk/snapfig/internal/snapfig/copy.go:34.2,34.57 1 1
github.com/adrianpk/snapfig/internal/snapfig/copy.go:34.57,36.3 1 0
github.com/adrianpk/snapfig/internal/snapfig/copy.go:39.2,41.16 3 1
github.com/adrianpk/snapfig/internal/snapfig/copy.go:41.16,43.3 1 0
github.com/adrianpk/snapfig/internal/snapfig/copy.go:45.2,45.32 1 1
github.com/adrianpk/snapfig/internal/snapfig/copy.go:45.32,50.38 3 1
github.com/adrianpk/snapfig/internal/snapfig/copy.go:50.38,51.19 1 1
github.com/adrianpk/snapfig/internal/snapfig/copy.go:52.30,54.13 1 1
github.com/adrianpk/snapfig/internal/snapfig/copy.go:55.31,56.30 1 1
github.com/adrianpk/snapfig/internal/snapfig/copy.go:59.3,59.29 1 1
github.com/adrianpk/snapfig/internal/snapfig/copy.go:63.2,63.63 1 1
github.com/adrianpk/snapfig/internal/snapfig/copy.go:63.63,65.3 1 0
github.com/adrianpk/snapfig/internal/snapfig/copy.go:68.2,68.32 1 1
github.com/adrianpk/snapfig/internal/snapfig/copy.go:68.32,73.46 3 1
github.com/adrianpk/snapfig/internal/snapfig/copy.go:73.46,74.19 1 1
github.com/adrianpk/snapfig/internal/snapfig/copy.go:75.30,76.13 1 1
github.com/adrianpk/snapfig/internal/snapfig/copy.go:77.31,78.50 1 1
github.com/adrianpk/snapfig/internal/snapfig/copy.go:82.3,82.20 1 1
github.com/adrianpk/snapfig/internal/snapfig/copy.go:82.20,83.71 1 1
github.com/adrianpk/snapfig/internal/snapfig/copy.go:83.71,85.5 1 0
github.com/adrianpk/snapfig/internal/snapfig/copy.go:86.9,88.18 2 1
github.com/adrianpk/snapfig/internal/snapfig/copy.go:88.18,90.5 1 0
github.com/adrianpk/snapfig/internal/snapfig/copy.go:91.4,91.76 1 1
github.com/adrianpk/snapfig/internal/snapfig/copy.go:91.76,93.5 1 0
github.com/adrianpk/snapfig/internal/snapfig/copy.go:97.2,97.12 1 1
github.com/adrianpk/snapfig/internal/snapfig/copy.go:101.96,103.24 2 1
github.com/adrianpk/snapfig/internal/snapfig/copy.go:103.24,105.3 1 0
github.com/adrianpk/snapfig/internal/snapfig/copy.go:106.2,106.16 1 1
github.com/adrianpk/snapfig/internal/snapfig/copy.go:106.16,108.3 1 0
github.com/adrianpk/snapfig/internal/snapfig/copy.go:110.2,110.35 1 1
github.com/adrianpk/snapfig/internal/snapfig/copy.go:110.35,111.32 1 1
github.com/adrianpk/snapfig/internal/snapfig/copy.go:111.32,113.50 2 1
github.com/adrianpk/snapfig/internal/snapfig/copy.go:113.50,115.5 1 0
github.com/adrianpk/snapfig/internal/snapfig/copy.go:116.4,116.25 1 1
github.com/adrianpk/snapfig/internal/snapfig/copy.go:120.2,120.12 1 1
github.com/adrianpk/snapfig/internal/snapfig/copy.go:125.48,127.16 2 1
github.com/adrianpk/snapfig/internal/snapfig/copy.go:127.16,129.3 1 1
github.com/adrianpk/snapfig/internal/snapfig/copy.go:131.2,132.24 2 1
github.com/adrianpk/snapfig/internal/snapfig/copy.go:132.24,134.3 1 1
github.com/adrianpk/snapfig/internal/snapfig/copy.go:135.2,135.16 1 1
github.com/adrianpk/snapfig/internal/snapfig/copy.go:135.16,137.3 1 0
github.com/adrianpk/snapfig/internal/snapfig/copy.go:140.2,140.38 1 1
github.com/adrianpk/snapfig/internal/snapfig/copy.go:140.38,142.3 1 1
github.com/adrianpk/snapfig/internal/snapfig/copy.go:143.2,143.48 1 1
github.com/adrianpk/snapfig/internal/snapfig/copy.go:143.48,145.3 1 1
github.com/adrianpk/snapfig/internal/snapfig/copy.go:147.2,147.19 1 1
github.com/adrianpk/snapfig/internal/snapfig/copy.go:152.88,154.16 2 1
github.com/adrianpk/snapfig/internal/snapfig/copy.go:154.16,156.3 1 0
github.com/adrianpk/snapfig/internal/snapfig/copy.go:157.2,157.16 1 1
github.com/adrianpk/snapfig/internal/snapfig/copy.go:157.16,160.3 2 1
github.com/adrianpk/snapfig/internal/snapfig/copy.go:162.2,162.61 1 1
github.com/adrianpk/snapfig/internal/snapfig/copy.go:162.61,164.3 1 0
github.com/adrianpk/snapfig/internal/snapfig/copy.go:166.2,167.16 2 1
github.com/adrianpk/snapfig/internal/snapfig/copy.go:167.16,169.3 1 0
github.com/adrianpk/snapfig/internal/snapfig/copy.go:170.2,173.16 3 1
github.com/adrianpk/snapfig/internal/snapfig/copy.go:173.16,175.3 1 0
github.com/adrianpk/snapfig/internal/snapfig/copy.go:176.2,179.16 3 1
github.com/adrianpk/snapfig/internal/snapfig/copy.go:179.16,181.3 1 1
github.com/adrianpk/snapfig/internal/snapfig/copy.go:182.2,182.12 1 1
github.com/adrianpk/snapfig/internal/snapfig/git.go:13.43,15.43 2 1
github.com/adrianpk/snapfig/internal/snapfig/git.go:15.43,18.3 1 1
github.com/adrianpk/snapfig/internal/snapfig/git.go:20.2,20.52 1 1
github.com/adrianpk/snapfig/internal/snapfig/git.go:20.52,22.3 1 0
github.com/adrianpk/snapfig/internal/snapfig/git.go:24.2,26.18 3 1
github.com/adrianpk/snapfig/internal/snapfig/git.go:30.50,34.37 3 1
github.com/adrianpk/snapfig/internal/snapfig/git.go:34.37,36.3 1 1
github.com/adrianpk/snapfig/internal/snapfig/git.go:39.2,41.38 3 1
github.com/adrianpk/snapfig/internal/snapfig/git.go:41.38,44.3 1 1
github.com/adrianpk/snapfig/internal/snapfig/git.go:47.2,49.24 3 1
github.com/adrianpk/snapfig/internal/snapfig/git.go:53.55,57.16 4 1
github.com/adrianpk/snapfig/internal/snapfig/git.go:57.16,59.3 1 1
github.com/adrianpk/snapfig/internal/snapfig/git.go:61.2,61.53 1 1
github.com/adrianpk/snapfig/internal/snapfig/git.go:65.39,67.16 2 1
github.com/adrianpk/snapfig/internal/snapfig/git.go:67.16,69.3 1 0
github.com/adrianpk/snapfig/internal/snapfig/git.go:70.2,70.16 1 1
github.com/adrianpk/snapfig/internal/snapfig/git.go:70.16,72.3 1 1
github.com/adrianpk/snapfig/internal/snapfig/git.go:75.2,78.16 4 1
github.com/adrianpk/snapfig/internal/snapfig/git.go:78.16,80.3 1 0
github.com/adrianpk/snapfig/internal/snapfig/git.go:81.2,82.18 2 1
github.com/adrianpk/snapfig/internal/snapfig/git.go:82.18,84.3 1 0
github.com/adrianpk/snapfig/internal/snapfig/git.go:87.2,89.57 3 1
github.com/adrianpk/snapfig/internal/snapfig/git.go:89.57,91.3 1 0
github.com/adrianpk/snapfig/internal/snapfig/git.go:93.2,93.12 1 1
github.com/adrianpk/snapfig/internal/snapfig/git.go:103.54,105.2 1 1
github.com/adrianpk/snapfig/internal/snapfig/git.go:108.75,114.43 4 1
github.com/adrianpk/snapfig/internal/snapfig/git.go:114.43,116.3 1 1
github.com/adrianpk/snapfig/internal/snapfig/git.go:118.2,118.18 1 1
github.com/adrianpk/snapfig/internal/snapfig/git.go:118.18,120.22 1 1
github.com/adrianpk/snapfig/internal/snapfig/git.go:120.22,122.4 1 1
github.com/adrianpk/snapfig/internal/snapfig/git.go:125.3,126.55 2 1
github.com/adrianpk/snapfig/internal/snapfig/git.go:126.55,128.4 1 0
github.com/adrianpk/snapfig/internal/snapfig/git.go:131.3,132.59 2 1
github.com/adrianpk/snapfig/internal/snapfig/git.go:132.59,134.4 1 1
github.com/adrianpk/snapfig/internal/snapfig/git.go:136.3,137.21 2 1
github.com/adrianpk/snapfig/internal/snapfig/git.go:141.2,142.16 2 1
github.com/adrianpk/snapfig/internal/snapfig/git.go:142.16,144.3 1 0
github.com/adrianpk/snapfig/internal/snapfig/git.go:145.2,145.16 1 1
github.com/adrianpk/snapfig/internal/snapfig/git.go:145.16,147.3 1 1
github.com/adrianpk/snapfig/internal/snapfig/git.go:149.2,151.57 3 1
github.com/adrianpk/snapfig/internal/snapfig/git.go:151.57,153.3 1 0
github.com/adrianpk/snapfig/internal/snapfig/git.go:155.2,155.20 1 1
github.com/adrianpk/snapfig/internal/snapfig/git.go:159.44,161.48 1 1
github.com/adrianpk/snapfig/internal/snapfig/git.go:161.48,163.3 1 0
github.com/adrianpk/snapfig/internal/snapfig/git.go:166.2,167.16 2 1
github.com/adrianpk/snapfig/internal/snapfig/git.go:167.16,169.3 1 0
github.com/adrianpk/snapfig/internal/snapfig/git.go:171.2,171.15 1 1
github.com/adrianpk/snapfig/internal/snapfig/git.go:171.15,172.24 1 1
github.com/adrianpk/snapfig/internal/snapfig/git.go:172.24,174.4 1 1
github.com/adrianpk/snapfig/internal/snapfig/git.go:176.3,178.54 3 1
github.com/adrianpk/snapfig/internal/snapfig/git.go:178.54,180.4 1 0
github.com/adrianpk/snapfig/internal/snapfig/git.go:181.8,185.54 3 1
github.com/adrianpk/snapfig/internal/snapfig/git.go:185.54,187.4 1 0
github.com/adrianpk/snapfig/internal/snapfig/git.go:190.2,190.12 1 1
github.com/adrianpk/snapfig/internal/snapfig/restore.go:32.57,34.16 2 1
github.com/adrianpk/snapfig/internal/snapfig/restore.go:34.16,36.3 1 0
github.com/adrianpk/snapfig/internal/snapfig/restore.go:38.2,39.16 2 1
github.com/adrianpk/snapfig/internal/snapfig/restore.go:39.16,41.3 1 0
github.com/adrianpk/snapfig/internal/snapfig/restore.go:43.2,48.8 1 1
github.com/adrianpk/snapfig/internal/snapfig/restore.go:53.54,56.35 2 1
github.com/adrianpk/snapfig/internal/snapfig/restore.go:56.35,57.17 1 1
github.com/adrianpk/snapfig/internal/snapfig/restore.go:57.17,58.12 1 1
github.com/adrianpk/snapfig/internal/snapfig/restore.go:61.3,66.25 4 1
github.com/adrianpk/snapfig/internal/snapfig/restore.go:66.25,68.12 2 1
github.com/adrianpk/snapfig/internal/snapfig/restore.go:70.3,70.17 1 1
github.com/adrianpk/snapfig/internal/snapfig/restore.go:70.17,72.4 1 0
github.com/adrianpk/snapfig/internal/snapfig/restore.go:75.3,76.22 2 1
github.com/adrianpk/snapfig/internal/snapfig/restore.go:76.22,77.74 1 1
github.com/adrianpk/snapfig/internal/snapfig/restore.go:77.74,79.5 1 0
github.com/adrianpk/snapfig/internal/snapfig/restore.go:80.9,81.82 1 1
github.com/adrianpk/snapfig/internal/snapfig/restore.go:81.82,83.5 1 0
github.com/adrianpk/snapfig/internal/snapfig/restore.go:86.3,86.52 1 1
github.com/adrianpk/snapfig/internal/snapfig/restore.go:89.2,89.20 1 1
github.com/adrianpk/snapfig/internal/snapfig/restore.go:94.101,96.16 2 1
github.com/adrianpk/snapfig/internal/snapfig/restore.go:96.16,98.3 1 0
github.com/adrianpk/snapfig/internal/snapfig/restore.go:100.2,100.57 1 1
github.com/adrianpk/snapfig/internal/snapfig/restore.go:100.57,102.3 1 0
github.com/adrianpk/snapfig/internal/snapfig/restore.go:104.2,105.16 2 1
github.com/adrianpk/snapfig/internal/snapfig/restore.go:105.16,107.3 1 0
github.com/adrianpk/snapfig/internal/snapfig/restore.go:109.2,109.32 1 1
github.com/adrianpk/snapfig/internal/snapfig/restore.go:109.32,114.91 3 1
github.com/adrianpk/snapfig/internal/snapfig/restore.go:114.91,116.4 1 1
github.com/adrianpk/snapfig/internal/snapfig/restore.go:118.3,120.20 2 1
github.com/adrianpk/snapfig/internal/snapfig/restore.go:120.20,121.74 1 1
github.com/adrianpk/snapfig/internal/snapfig/restore.go:121.74,123.5 1 0
github.com/adrianpk/snapfig/internal/snapfig/restore.go:124.9,126.18 2 1
github.com/adrianpk/snapfig/internal/snapfig/restore.go:126.18,128.5 1 0
github.com/adrianpk/snapfig/internal/snapfig/restore.go:129.4,129.79 1 1
github.com/adrianpk/snapfig/internal/snapfig/restore.go:129.79,131.5 1 0
github.com/adrianpk/snapfig/internal/snapfig/restore.go:135.2,135.12 1 1
github.com/adrianpk/snapfig/internal/snapfig/restore.go:141.51,143.16 2 1
github.com/adrianpk/snapfig/internal/snapfig/restore.go:143.16,145.3 1 1
github.com/adrianpk/snapfig/internal/snapfig/restore.go:147.2,148.24 2 1
github.com/adrianpk/snapfig/internal/snapfig/restore.go:148.24,150.3 1 1
github.com/adrianpk/snapfig/internal/snapfig/restore.go:151.2,151.16 1 1
github.com/adrianpk/snapfig/internal/snapfig/restore.go:151.16,153.3 1 0
github.com/adrianpk/snapfig/internal/snapfig/restore.go:156.2,156.38 1 1
github.com/adrianpk/snapfig/internal/snapfig/restore.go:156.38,158.3 1 1
github.com/adrianpk/snapfig/internal/snapfig/restore.go:160.2,160.49 1 1
github.com/adrianpk/snapfig/internal/snapfig/restore.go:160.49,162.3 1 1
github.com/adrianpk/snapfig/internal/snapfig/restore.go:164.2,164.19 1 1
github.com/adrianpk/snapfig/internal/snapfig/restore.go:169.96,171.16 2 1
github.com/adrianpk/snapfig/internal/snapfig/restore.go:171.16,173.3 1 0
github.com/adrianpk/snapfig/internal/snapfig/restore.go:174.2,174.16 1 1
github.com/adrianpk/snapfig/internal/snapfig/restore.go:174.16,177.3 2 1
github.com/adrianpk/snapfig/internal/snapfig/restore.go:179.2,179.61 1 1
github.com/adrianpk/snapfig/internal/snapfig/restore.go:179.61,181.3 1 0
github.com/adrianpk/snapfig/internal/snapfig/restore.go:183.2,184.16 2 1
github.com/adrianpk/snapfig/internal/snapfig/restore.go:184.16,186.3 1 0
github.com/adrianpk/snapfig/internal/snapfig/restore.go:187.2,190.16 3 1
github.com/adrianpk/snapfig/internal/snapfig/restore.go:190.16,192.3 1 0
github.com/adrianpk/snapfig/internal/snapfig/restore.go:194.2,195.16 2 1
github.com/adrianpk/snapfig/internal/snapfig/restore.go:195.16,197.3 1 0
github.com/adrianpk/snapfig/internal/snapfig/restore.go:198.2,201.16 3 1
github.com/adrianpk/snapfig/internal/snapfig/restore.go:201.16,203.3 1 0
github.com/adrianpk/snapfig/internal/snapfig/restore.go:206.2,206.78 1 1
github.com/adrianpk/snapfig/internal/snapfig/restore.go:206.78,208.3 1 0
github.com/adrianpk/snapfig/internal/snapfig/restore.go:210.2,211.12 2 1
github.com/adrianpk/snapfig/internal/snapfig/restore.go:223.61,226.35 2 1
github.com/adrianpk/snapfig/internal/snapfig/restore.go:226.35,227.17 1 1
github.com/adrianpk/snapfig/internal/snapfig/restore.go:227.17,228.12 1 1
github.com/adrianpk/snapfig/internal/snapfig/restore.go:231.3,233.25 3 1
github.com/adrianpk/snapfig/internal/snapfig/restore.go:233.25,234.12 1 1
github.com/adrianpk/snapfig/internal/snapfig/restore.go:236.3,236.17 1 1
github.com/adrianpk/snapfig/internal/snapfig/restore.go:236.17,238.4 1 0
github.com/adrianpk/snapfig/internal/snapfig/restore.go:240.3,245.19 2 1
github.com/adrianpk/snapfig/internal/snapfig/restore.go:245.19,247.18 2 1
github.com/adrianpk/snapfig/internal/snapfig/restore.go:247.18,249.5 1 0
github.com/adrianpk/snapfig/internal/snapfig/restore.go:250.4,250.29 1 1
github.com/adrianpk/snapfig/internal/snapfig/restore.go:253.3,253.35 1 1
github.com/adrianpk/snapfig/internal/snapfig/restore.go:256.2,256.21 1 1
github.com/adrianpk/snapfig/internal/snapfig/restore.go:260.79,263.85 2 1
github.com/adrianpk/snapfig/internal/snapfig/restore.go:263.85,264.17 1 1
github.com/adrianpk/snapfig/internal/snapfig/restore.go:264.17,266.4 1 0
github.com/adrianpk/snapfig/internal/snapfig/restore.go:267.3,267.22 1 1
github.com/adrianpk/snapfig/internal/snapfig/restore.go:267.22,269.4 1 1
github.com/adrianpk/snapfig/internal/snapfig/restore.go:271.3,272.17 2 1
github.com/adrianpk/snapfig/internal/snapfig/restore.go:272.17,274.4 1 0
github.com/adrianpk/snapfig/internal/snapfig/restore.go:276.3,278.13 3 1
github.com/adrianpk/snapfig/internal/snapfig/restore.go:281.2,281.22 1 1
github.com/adrianpk/snapfig/internal/snapfig/restore.go:286.77,291.26 3 1
github.com/adrianpk/snapfig/internal/snapfig/restore.go:291.26,293.3 1 1
github.com/adrianpk/snapfig/internal/snapfig/restore.go:295.2,295.35 1 1
github.com/adrianpk/snapfig/internal/snapfig/restore.go:295.35,296.17 1 1
github.com/adrianpk/snapfig/internal/snapfig/restore.go:296.17,297.12 1 1
github.com/adrianpk/snapfig/internal/snapfig/restore.go:301.3,305.25 4 1
github.com/adrianpk/snapfig/internal/snapfig/restore.go:305.25,306.12 1 1
github.com/adrianpk/snapfig/internal/snapfig/restore.go:308.3,308.17 1 1
github.com/adrianpk/snapfig/internal/snapfig/restore.go:308.17,310.4 1 0
github.com/adrianpk/snapfig/internal/snapfig/restore.go:312.3,314.22 2 1
github.com/adrianpk/snapfig/internal/snapfig/restore.go:314.22,316.23 1 1
github.com/adrianpk/snapfig/internal/snapfig/restore.go:316.23,318.94 1 1
github.com/adrianpk/snapfig/internal/snapfig/restore.go:318.94,320.6 1 0
github.com/adrianpk/snapfig/internal/snapfig/restore.go:321.10,324.19 2 1
github.com/adrianpk/snapfig/internal/snapfig/restore.go:324.19,326.6 1 0
github.com/adrianpk/snapfig/internal/snapfig/restore.go:327.5,327.18 1 1
github.com/adrianpk/snapfig/internal/snapfig/restore.go:327.18,329.6 1 1
github.com/adrianpk/snapfig/internal/snapfig/restore.go:331.9,333.23 1 1
github.com/adrianpk/snapfig/internal/snapfig/restore.go:333.23,334.94 1 1
github.com/adrianpk/snapfig/internal/snapfig/restore.go:334.94,336.6 1 0
github.com/adrianpk/snapfig/internal/snapfig/restore.go:341.2,341.20 1 1
github.com/adrianpk/snapfig/internal/snapfig/restore.go:345.148,346.21 1 1
github.com/adrianpk/snapfig/internal/snapfig/restore.go:346.21,347.73 1 1
github.com/adrianpk/snapfig/internal/snapfig/restore.go:347.73,349.4 1 0
github.com/adrianpk/snapfig/internal/snapfig/restore.go:350.8,351.81 1 1
github.com/adrianpk/snapfig/internal/snapfig/restore.go:351.81,353.4 1 0
github.com/adrianpk/snapfig/internal/snapfig/restore.go:356.2,357.12 2 1
github.com/adrianpk/snapfig/internal/snapfig/restore.go:361.158,364.87 2 1
github.com/adrianpk/snapfig/internal/snapfig/restore.go:364.87,365.17 1 1
github.com/adrianpk/snapfig/internal/snapfig/restore.go:365.17,367.4 1 0
github.com/adrianpk/snapfig/internal/snapfig/restore.go:368.3,368.24 1 1
github.com/adrianpk/snapfig/internal/snapfig/restore.go:368.24,370.4 1 1
github.com/adrianpk/snapfig/internal/snapfig/restore.go:372.3,373.17 2 1
github.com/adrianpk/snapfig/internal/snapfig/restore.go:373.17,375.4 1 0
github.com/adrianpk/snapfig/internal/snapfig/restore.go:377.3,379.23 2 1
github.com/adrianpk/snapfig/internal/snapfig/restore.go:379.23,383.90 2 1
github.com/adrianpk/snapfig/internal/snapfig/restore.go:383.90,385.5 1 1
github.com/adrianpk/snapfig/internal/snapfig/restore.go:387.4,387.20 1 1
github.com/adrianpk/snapfig/internal/snapfig/restore.go:387.20,389.92 1 1
github.com/adrianpk/snapfig/internal/snapfig/restore.go:389.92,391.6 1 0
github.com/adrianpk/snapfig/internal/snapfig/restore.go:392.5,393.28 2 1
github.com/adrianpk/snapfig/internal/snapfig/restore.go:394.10,396.92 1 1
github.com/adrianpk/snapfig/internal/snapfig/restore.go:396.92,398.6 1 0
github.com/adrianpk/snapfig/internal/snapfig/restore.go:399.5,399.23 1 1
github.com/adrianpk/snapfig/internal/snapfig/restore.go:403.3,403.13 1 1
github.com/adrianpk/snapfig/internal/snapfig/restore.go:406.2,406.25 1 1
github.com/adrianpk/snapfig/main.go:10.13,11.38 1 0
github.com/adrianpk/snapfig/main.go:11.38,14.3 2 0
github.com/adrianpk/snapfig/internal/tui/screens/picker.go:62.37,106.26 3 1
github.com/adrianpk/snapfig/internal/tui/screens/picker.go:106.26,108.3 1 1
github.com/adrianpk/snapfig/internal/tui/screens/picker.go:109.2,109.15 1 1
github.com/adrianpk/snapfig/internal/tui/screens/picker.go:113.63,115.16 2 1
github.com/adrianpk/snapfig/internal/tui/screens/picker.go:115.16,116.34 1 1
github.com/adrianpk/snapfig/internal/tui/screens/picker.go:116.34,117.17 1 1
github.com/adrianpk/snapfig/internal/tui/screens/picker.go:117.17,119.39 2 1
github.com/adrianpk/snapfig/internal/tui/screens/picker.go:119.39,121.6 1 1
github.com/adrianpk/snapfig/internal/tui/screens/picker.go:122.5,122.32 1 1
github.com/adrianpk/snapfig/internal/tui/screens/picker.go:126.2,127.14 2 1
github.com/adrianpk/snapfig/internal/tui/screens/picker.go:127.14,129.3 1 1
github.com/adrianpk/snapfig/internal/tui/screens/picker.go:130.2,134.3 1 1
github.com/adrianpk/snapfig/internal/tui/screens/picker.go:137.37,139.2 1 1
github.com/adrianpk/snapfig/internal/tui/screens/picker.go:141.27,143.16 2 0
github.com/adrianpk/snapfig/internal/tui/screens/picker.go:143.16,145.3 1 0
github.com/adrianpk/snapfig/internal/tui/screens/picker.go:147.2,149.26 3 0
github.com/adrianpk/snapfig/internal/tui/screens/picker.go:149.26,152.35 3 0
github.com/adrianpk/snapfig/internal/tui/screens/picker.go:152.35,155.4 2 0
github.com/adrianpk/snapfig/internal/tui/screens/picker.go:158.2,158.50 1 0
github.com/adrianpk/snapfig/internal/tui/screens/picker.go:161.63,162.27 1 1
github.com/adrianpk/snapfig/internal/tui/screens/picker.go:163.25,165.24 2 1
github.com/adrianpk/snapfig/internal/tui/screens/picker.go:167.15,168.21 1 1
github.com/adrianpk/snapfig/internal/tui/screens/picker.go:168.21,171.4 2 1
github.com/adrianpk/snapfig/internal/tui/screens/picker.go:172.3,183.18 6 1
github.com/adrianpk/snapfig/internal/tui/screens/picker.go:185.18,186.16 1 1
github.com/adrianpk/snapfig/internal/tui/screens/picker.go:186.16,188.4 1 1
github.com/adrianpk/snapfig/internal/tui/screens/picker.go:190.3,190.23 1 0
github.com/adrianpk/snapfig/internal/tui/screens/picker.go:191.18,192.20 1 0
github.com/adrianpk/snapfig/internal/tui/screens/picker.go:192.20,194.5 1 0
github.com/adrianpk/snapfig/internal/tui/screens/picker.go:195.20,196.32 1 0
github.com/adrianpk/snapfig/internal/tui/screens/picker.go:196.32,198.5 1 0
github.com/adrianpk/snapfig/internal/tui/screens/picker.go:199.30,200.23 1 0
github.com/adrianpk/snapfig/internal/tui/screens/picker.go:200.23,202.16 2 0
github.com/adrianpk/snapfig/internal/tui/screens/picker.go:202.16,203.19 1 0
github.com/adrianpk/snapfig/internal/tui/screens/picker.go:203.19,205.7 1 0
github.com/adrianpk/snapfig/internal/tui/screens/picker.go:206.6,207.21 2 0
github.com/adrianpk/snapfig/internal/tui/screens/picker.go:210.20,211.23 1 0
github.com/adrianpk/snapfig/internal/tui/screens/picker.go:211.23,213.30 2 0
github.com/adrianpk/snapfig/internal/tui/screens/picker.go:213.30,216.6 2 0
github.com/adrianpk/snapfig/internal/tui/screens/picker.go:216.11,216.31 1 0
github.com/adrianpk/snapfig/internal/tui/screens/picker.go:216.31,217.32 1 0
github.com/adrianpk/snapfig/internal/tui/screens/picker.go:217.32,218.25 1 0
github.com/adrianpk/snapfig/internal/tui/screens/picker.go:218.25,220.13 2 0
github.com/adrianpk/snapfig/internal/tui/screens/picker.go:225.12,226.23 1 0
github.com/adrianpk/snapfig/internal/tui/screens/picker.go:226.23,229.20 2 0
github.com/adrianpk/snapfig/internal/tui/screens/picker.go:230.20,231.27 1 0
github.com/adrianpk/snapfig/internal/tui/screens/picker.go:232.22,233.28 1 0
github.com/adrianpk/snapfig/internal/tui/screens/picker.go:234.23,235.25 1 0
github.com/adrianpk/snapfig/internal/tui/screens/picker.go:237.5,238.20 2 0
github.com/adrianpk/snapfig/internal/tui/screens/picker.go:240.12,242.29 1 0
github.com/adrianpk/snapfig/internal/tui/screens/picker.go:242.29,244.5 1 0
github.com/adrianpk/snapfig/internal/tui/screens/picker.go:245.12,247.19 2 0
github.com/adrianpk/snapfig/internal/tui/screens/picker.go:251.2,251.15 1 1
github.com/adrianpk/snapfig/internal/tui/screens/picker.go:254.45,255.26 1 1
github.com/adrianpk/snapfig/internal/tui/screens/picker.go:255.26,257.3 1 0
github.com/adrianpk/snapfig/internal/tui/screens/picker.go:259.2,261.16 3 1
github.com/adrianpk/snapfig/internal/tui/screens/picker.go:261.16,264.3 2 1
github.com/adrianpk/snapfig/internal/tui/screens/picker.go:266.2,267.28 2 0
github.com/adrianpk/snapfig/internal/tui/screens/picker.go:267.28,269.113 2 0
github.com/adrianpk/snapfig/internal/tui/screens/picker.go:269.113,270.49 1 0
github.com/adrianpk/snapfig/internal/tui/screens/picker.go:270.49,271.13 1 0
github.com/adrianpk/snapfig/internal/tui/screens/picker.go:275.3,276.19 2 0
github.com/adrianpk/snapfig/internal/tui/screens/picker.go:276.19,278.4 1 0
github.com/adrianpk/snapfig/internal/tui/screens/picker.go:281.3,281.45 1 0
github.com/adrianpk/snapfig/internal/tui/screens/picker.go:281.45,282.12 1 0
github.com/adrianpk/snapfig/internal/tui/screens/picker.go:285.3,295.48 2 0
github.com/adrianpk/snapfig/internal/tui/screens/picker.go:295.48,297.4 1 0
github.com/adrianpk/snapfig/internal/tui/screens/picker.go:299.3,299.16 1 0
github.com/adrianpk/snapfig/internal/tui/screens/picker.go:299.16,301.4 1 0
github.com/adrianpk/snapfig/internal/tui/screens/picker.go:301.9,303.4 1 0
github.com/adrianpk/snapfig/internal/tui/screens/picker.go:306.2,306.39 1 0
github.com/adrianpk/snapfig/internal/tui/screens/picker.go:306.39,309.17 3 0
github.com/adrianpk/snapfig/internal/tui/screens/picker.go:309.17,311.4 1 0
github.com/adrianpk/snapfig/internal/tui/screens/picker.go:312.3,312.37 1 0
github.com/adrianpk/snapfig/internal/tui/screens/picker.go:315.2,315.40 1 0
github.com/adrianpk/snapfig/internal/tui/screens/picker.go:315.40,318.17 3 0
github.com/adrianpk/snapfig/internal/tui/screens/picker.go:318.17,320.4 1 0
github.com/adrianpk/snapfig/internal/tui/screens/picker.go:321.3,321.39 1 0
github.com/adrianpk/snapfig/internal/tui/screens/picker.go:324.2,325.17 2 0
github.com/adrianpk/snapfig/internal/tui/screens/picker.go:328.59,329.32 1 0
github.com/adrianpk/snapfig/internal/tui/screens/picker.go:329.32,330.73 1 0
github.com/adrianpk/snapfig/internal/tui/screens/picker.go:330.73,332.4 1 0
github.com/adrianpk/snapfig/internal/tui/screens/picker.go:334.2,334.14 1 0
github.com/adrianpk/snapfig/internal/tui/screens/picker.go:339.52,341.23 1 0
github.com/adrianpk/snapfig/internal/tui/screens/picker.go:341.23,343.3 1 0
github.com/adrianpk/snapfig/internal/tui/screens/picker.go:345.2,345.36 1 0
github.com/adrianpk/snapfig/internal/tui/screens/picker.go:345.36,346.44 1 0
github.com/adrianpk/snapfig/internal/tui/screens/picker.go:346.44,348.4 1 0
github.com/adrianpk/snapfig/internal/tui/screens/picker.go:350.2,350.14 1 0
github.com/adrianpk/snapfig/internal/tui/screens/picker.go:353.37,356.2 2 1
github.com/adrianpk/snapfig/internal/tui/screens/picker.go:358.42,359.17 1 1
github.com/adrianpk/snapfig/internal/tui/screens/picker.go:359.17,361.3 1 0
github.com/adrianpk/snapfig/internal/tui/screens/picker.go:363.2,363.27 1 1
github.com/adrianpk/snapfig/internal/tui/screens/picker.go:363.27,364.36 1 1
github.com/adrianpk/snapfig/internal/tui/screens/picker.go:364.36,366.4 1 0
github.com/adrianpk/snapfig/internal/tui/screens/picker.go:370.47,371.13 1 0
github.com/adrianpk/snapfig/internal/tui/screens/picker.go:371.13,373.3 1 0
github.com/adrianpk/snapfig/internal/tui/screens/picker.go:374.2,374.24 1 0
github.com/adrianpk/snapfig/internal/tui/screens/picker.go:377.68,378.35 1 0
github.com/adrianpk/snapfig/internal/tui/screens/picker.go:378.35,380.18 2 0
github.com/adrianpk/snapfig/internal/tui/screens/picker.go:380.18,382.4 1 0
github.com/adrianpk/snapfig/internal/tui/screens/picker.go:386.50,387.21 1 0
github.com/adrianpk/snapfig/internal/tui/screens/picker.go:387.21,389.3 1 0
github.com/adrianpk/snapfig/internal/tui/screens/picker.go:391.2,393.44 3 0
github.com/adrianpk/snapfig/internal/tui/screens/picker.go:393.44,394.34 1 0
github.com/adrianpk/snapfig/internal/tui/screens/picker.go:394.34,396.9 2 0
github.com/adrianpk/snapfig/internal/tui/screens/picker.go:399.2,399.13 1 0
github.com/adrianpk/snapfig/internal/tui/screens/picker.go:399.13,401.3 1 0
github.com/adrianpk/snapfig/internal/tui/screens/picker.go:401.8,403.3 1 0
github.com/adrianpk/snapfig/internal/tui/screens/picker.go:404.2,404.31 1 0
github.com/adrianpk/snapfig/internal/tui/screens/picker.go:407.43,409.35 2 0
github.com/adrianpk/snapfig/internal/tui/screens/picker.go:409.35,411.3 1 0
github.com/adrianpk/snapfig/internal/tui/screens/picker.go:414.36,422.15 6 1
github.com/adrianpk/snapfig/internal/tui/screens/picker.go:422.15,425.3 2 1
github.com/adrianpk/snapfig/internal/tui/screens/picker.go:427.2,427.18 1 1
github.com/adrianpk/snapfig/internal/tui/screens/picker.go:427.18,430.3 2 0
github.com/adrianpk/snapfig/internal/tui/screens/picker.go:432.2,433.28 2 1
github.com/adrianpk/snapfig/internal/tui/screens/picker.go:433.28,440.3 5 1
github.com/adrianpk/snapfig/internal/tui/screens/picker.go:442.2,445.19 3 1
github.com/adrianpk/snapfig/internal/tui/screens/picker.go:448.42,450.31 2 1
github.com/adrianpk/snapfig/internal/tui/screens/picker.go:450.31,452.3 1 1
github.com/adrianpk/snapfig/internal/tui/screens/picker.go:454.2,455.15 2 0
github.com/adrianpk/snapfig/internal/tui/screens/picker.go:455.15,457.3 1 0
github.com/adrianpk/snapfig/internal/tui/screens/picker.go:458.2,458.36 1 0
github.com/adrianpk/snapfig/internal/tui/screens/picker.go:458.36,460.3 1 0
github.com/adrianpk/snapfig/internal/tui/screens/picker.go:461.2,461.14 1 0
github.com/adrianpk/snapfig/internal/tui/screens/picker.go:464.39,465.19 1 1
github.com/adrianpk/snapfig/internal/tui/screens/picker.go:465.19,467.3 1 1
github.com/adrianpk/snapfig/internal/tui/screens/picker.go:468.2,468.11 1 0
github.com/adrianpk/snapfig/internal/tui/screens/picker.go:471.45,474.23 3 1
github.com/adrianpk/snapfig/internal/tui/screens/picker.go:474.23,476.3 1 1
github.com/adrianpk/snapfig/internal/tui/screens/picker.go:477.2,477.26 1 1
github.com/adrianpk/snapfig/internal/tui/screens/picker.go:480.64,484.14 3 1
github.com/adrianpk/snapfig/internal/tui/screens/picker.go:484.14,486.3 1 1
github.com/adrianpk/snapfig/internal/tui/screens/picker.go:488.2,489.17 2 1
github.com/adrianpk/snapfig/internal/tui/screens/picker.go:490.17,491.33 1 1
github.com/adrianpk/snapfig/internal/tui/screens/picker.go:492.19,493.31 1 0
github.com/adrianpk/snapfig/internal/tui/screens/picker.go:494.20,495.27 1 0
github.com/adrianpk/snapfig/internal/tui/screens/picker.go:498.2,499.13 2 1
github.com/adrianpk/snapfig/internal/tui/screens/picker.go:499.13,500.17 1 1
github.com/adrianpk/snapfig/internal/tui/screens/picker.go:500.17,502.4 1 1
github.com/adrianpk/snapfig/internal/tui/screens/picker.go:502.9,504.4 1 0
github.com/adrianpk/snapfig/internal/tui/screens/picker.go:505.8,507.3 1 0
github.com/adrianpk/snapfig/internal/tui/screens/picker.go:509.2,510.13 2 1
github.com/adrianpk/snapfig/internal/tui/screens/picker.go:510.13,512.3 1 1
github.com/adrianpk/snapfig/internal/tui/screens/picker.go:514.2,516.17 2 1
github.com/adrianpk/snapfig/internal/tui/screens/picker.go:516.17,518.3 1 0
github.com/adrianpk/snapfig/internal/tui/screens/picker.go:520.2,520.14 1 1
github.com/adrianpk/snapfig/internal/tui/screens/picker.go:520.14,522.3 1 1
github.com/adrianpk/snapfig/internal/tui/screens/picker.go:522.8,522.33 1 0
github.com/adrianpk/snapfig/internal/tui/screens/picker.go:522.33,524.3 1 0
github.com/adrianpk/snapfig/internal/tui/screens/picker.go:524.8,524.24 1 0
github.com/adrianpk/snapfig/internal/tui/screens/picker.go:524.24,526.3 1 0
github.com/adrianpk/snapfig/internal/tui/screens/picker.go:527.2,527.35 1 0
github.com/adrianpk/snapfig/internal/tui/screens/picker.go:537.45,541.2 3 0
github.com/adrianpk/snapfig/internal/tui/screens/picker.go:543.70,544.41 1 0
github.com/adrianpk/snapfig/internal/tui/screens/picker.go:544.41,550.3 2 0
github.com/adrianpk/snapfig/internal/tui/screens/picker.go:551.2,551.35 1 0
github.com/adrianpk/snapfig/internal/tui/screens/picker.go:551.35,553.3 1 0
github.com/adrianpk/snapfig/internal/tui/screens/restore_picker.go:44.44,46.2 1 1
github.com/adrianpk/snapfig/internal/tui/screens/restore_picker.go:49.60,50.24 1 0
github.com/adrianpk/snapfig/internal/tui/screens/restore_picker.go:50.24,53.3 2 0
github.com/adrianpk/snapfig/internal/tui/screens/restore_picker.go:56.44,58.2 1 1
github.com/adrianpk/snapfig/internal/tui/screens/restore_picker.go:60.70,61.27 1 1
github.com/adrianpk/snapfig/internal/tui/screens/restore_picker.go:62.25,64.24 2 1
github.com/adrianpk/snapfig/internal/tui/screens/restore_picker.go:66.28,67.21 1 1
github.com/adrianpk/snapfig/internal/tui/screens/restore_picker.go:67.21,71.4 3 1
github.com/adrianpk/snapfig/internal/tui/screens/restore_picker.go:72.3,73.18 2 1
github.com/adrianpk/snapfig/internal/tui/screens/restore_picker.go:75.18,76.16 1 1
github.com/adrianpk/snapfig/internal/tui/screens/restore_picker.go:76.16,78.4 1 1
github.com/adrianpk/snapfig/internal/tui/screens/restore_picker.go:80.3,80.23 1 1
github.com/adrianpk/snapfig/internal/tui/screens/restore_picker.go:81.18,82.20 1 1
github.com/adrianpk/snapfig/internal/tui/screens/restore_picker.go:82.20,84.5 1 1
github.com/adrianpk/snapfig/internal/tui/screens/restore_picker.go:85.20,86.32 1 1
github.com/adrianpk/snapfig/internal/tui/screens/restore_picker.go:86.32,88.5 1 1
github.com/adrianpk/snapfig/internal/tui/screens/restore_picker.go:89.21,90.23 1 0
github.com/adrianpk/snapfig/internal/tui/screens/restore_picker.go:90.23,92.39 2 0
github.com/adrianpk/snapfig/internal/tui/screens/restore_picker.go:92.39,95.6 2 0
github.com/adrianpk/snapfig/internal/tui/screens/restore_picker.go:97.20,98.23 1 0
github.com/adrianpk/snapfig/internal/tui/screens/restore_picker.go:98.23,100.30 2 0
github.com/adrianpk/snapfig/internal/tui/screens/restore_picker.go:100.30,103.6 2 0
github.com/adrianpk/snapfig/internal/tui/screens/restore_picker.go:103.11,103.31 1 0
github.com/adrianpk/snapfig/internal/tui/screens/restore_picker.go:103.31,104.32 1 0
github.com/adrianpk/snapfig/internal/tui/screens/restore_picker.go:104.32,105.25 1 0
github.com/adrianpk/snapfig/internal/tui/screens/restore_picker.go:105.25,107.13 2 0
github.com/adrianpk/snapfig/internal/tui/screens/restore_picker.go:112.17,113.23 1 1
github.com/adrianpk/snapfig/internal/tui/screens/restore_picker.go:113.23,118.5 4 1
github.com/adrianpk/snapfig/internal/tui/screens/restore_picker.go:119.12,121.29 1 0
github.com/adrianpk/snapfig/internal/tui/screens/restore_picker.go:121.29,123.5 1 0
github.com/adrianpk/snapfig/internal/tui/screens/restore_picker.go:124.12,127.19 2 0
github.com/adrianpk/snapfig/internal/tui/screens/restore_picker.go:128.14,130.17 2 1
github.com/adrianpk/snapfig/internal/tui/screens/restore_picker.go:134.2,134.15 1 1
github.com/adrianpk/snapfig/internal/tui/screens/restore_picker.go:137.70,145.32 2 1
github.com/adrianpk/snapfig/internal/tui/screens/restore_picker.go:145.32,154.45 2 1
github.com/adrianpk/snapfig/internal/tui/screens/restore_picker.go:154.45,157.4 1 1
github.com/adrianpk/snapfig/internal/tui/screens/restore_picker.go:159.3,159.50 1 1
github.com/adrianpk/snapfig/internal/tui/screens/restore_picker.go:162.2,162.17 1 1
github.com/adrianpk/snapfig/internal/tui/screens/restore_picker.go:165.99,169.37 2 1
github.com/adrianpk/snapfig/internal/tui/screens/restore_picker.go:169.37,171.36 2 1
github.com/adrianpk/snapfig/internal/tui/screens/restore_picker.go:171.36,172.12 1 0
github.com/adrianpk/snapfig/internal/tui/screens/restore_picker.go:175.3,178.24 3 1
github.com/adrianpk/snapfig/internal/tui/screens/restore_picker.go:178.24,182.15 3 1
github.com/adrianpk/snapfig/internal/tui/screens/restore_picker.go:182.15,184.43 1 0
github.com/adrianpk/snapfig/internal/tui/screens/restore_picker.go:184.43,186.6 1 0
github.com/adrianpk/snapfig/internal/tui/screens/restore_picker.go:186.11,197.6 4 0
github.com/adrianpk/snapfig/internal/tui/screens/restore_picker.go:198.10,200.45 1 1
github.com/adrianpk/snapfig/internal/tui/screens/restore_picker.go:200.45,208.37 2 1
github.com/adrianpk/snapfig/internal/tui/screens/restore_picker.go:208.37,209.50 1 1
github.com/adrianpk/snapfig/internal/tui/screens/restore_picker.go:209.50,211.13 2 0
github.com/adrianpk/snapfig/internal/tui/screens/restore_picker.go:214.6,215.21 2 1
github.com/adrianpk/snapfig/internal/tui/screens/restore_picker.go:215.21,217.7 1 0
github.com/adrianpk/snapfig/internal/tui/screens/restore_picker.go:224.44,227.2 2 1
github.com/adrianpk/snapfig/internal/tui/screens/restore_picker.go:229.56,230.17 1 1
github.com/adrianpk/snapfig/internal/tui/screens/restore_picker.go:230.17,232.3 1 1
github.com/adrianpk/snapfig/internal/tui/screens/restore_picker.go:234.2,234.27 1 1
github.com/adrianpk/snapfig/internal/tui/screens/restore_picker.go:234.27,235.36 1 1
github.com/adrianpk/snapfig/internal/tui/screens/restore_picker.go:235.36,237.4 1 1
github.com/adrianpk/snapfig/internal/tui/screens/restore_picker.go:241.65,243.27 1 1
github.com/adrianpk/snapfig/internal/tui/screens/restore_picker.go:243.27,245.3 1 0
github.com/adrianpk/snapfig/internal/tui/screens/restore_picker.go:245.8,245.35 1 1
github.com/adrianpk/snapfig/internal/tui/screens/restore_picker.go:245.35,247.3 1 0
github.com/adrianpk/snapfig/internal/tui/screens/restore_picker.go:250.2,250.28 1 1
github.com/adrianpk/snapfig/internal/tui/screens/restore_picker.go:253.76,254.35 1 0
github.com/adrianpk/snapfig/internal/tui/screens/restore_picker.go:254.35,256.18 2 0
github.com/adrianpk/snapfig/internal/tui/screens/restore_picker.go:256.18,258.4 1 0
github.com/adrianpk/snapfig/internal/tui/screens/restore_picker.go:262.68,263.43 1 1
github.com/adrianpk/snapfig/internal/tui/screens/restore_picker.go:263.43,265.3 1 1
github.com/adrianpk/snapfig/internal/tui/screens/restore_picker.go:268.2,269.44 2 0
github.com/adrianpk/snapfig/internal/tui/screens/restore_picker.go:269.44,270.24 1 0
github.com/adrianpk/snapfig/internal/tui/screens/restore_picker.go:270.24,272.9 2 0
github.com/adrianpk/snapfig/internal/tui/screens/restore_picker.go:275.2,276.35 2 0
github.com/adrianpk/snapfig/internal/tui/screens/restore_picker.go:279.61,281.35 2 0
github.com/adrianpk/snapfig/internal/tui/screens/restore_picker.go:281.35,283.3 1 0
github.com/adrianpk/snapfig/internal/tui/screens/restore_picker.go:286.43,294.15 6 1
github.com/adrianpk/snapfig/internal/tui/screens/restore_picker.go:294.15,297.3 2 1
github.com/adrianpk/snapfig/internal/tui/screens/restore_picker.go:299.2,299.18 1 1
github.com/adrianpk/snapfig/internal/tui/screens/restore_picker.go:299.18,302.3 2 1
github.com/adrianpk/snapfig/internal/tui/screens/restore_picker.go:304.2,304.22 1 0
github.com/adrianpk/snapfig/internal/tui/screens/restore_picker.go:304.22,309.3 4 0
github.com/adrianpk/snapfig/internal/tui/screens/restore_picker.go:311.2,312.28 2 0
github.com/adrianpk/snapfig/internal/tui/screens/restore_picker.go:312.28,319.3 5 0
github.com/adrianpk/snapfig/internal/tui/screens/restore_picker.go:321.2,324.19 3 0
github.com/adrianpk/snapfig/internal/tui/screens/restore_picker.go:327.49,329.31 2 0
github.com/adrianpk/snapfig/internal/tui/screens/restore_picker.go:329.31,331.3 1 0
github.com/adrianpk/snapfig/internal/tui/screens/restore_picker.go:333.2,334.15 2 0
github.com/adrianpk/snapfig/internal/tui/screens/restore_picker.go:334.15,336.3 1 0
github.com/adrianpk/snapfig/internal/tui/screens/restore_picker.go:337.2,337.36 1 0
github.com/adrianpk/snapfig/internal/tui/screens/restore_picker.go:337.36,339.3 1 0
github.com/adrianpk/snapfig/internal/tui/screens/restore_picker.go:340.2,340.14 1 0
github.com/adrianpk/snapfig/internal/tui/screens/restore_picker.go:343.46,344.19 1 0
github.com/adrianpk/snapfig/internal/tui/screens/restore_picker.go:344.19,346.3 1 0
github.com/adrianpk/snapfig/internal/tui/screens/restore_picker.go:347.2,347.11 1 0
github.com/adrianpk/snapfig/internal/tui/screens/restore_picker.go:350.59,353.23 3 0
github.com/adrianpk/snapfig/internal/tui/screens/restore_picker.go:353.23,355.3 1 0
github.com/adrianpk/snapfig/internal/tui/screens/restore_picker.go:356.2,356.26 1 0
github.com/adrianpk/snapfig/internal/tui/screens/restore_picker.go:359.78,363.14 3 0
github.com/adrianpk/snapfig/internal/tui/screens/restore_picker.go:363.14,365.3 1 0
github.com/adrianpk/snapfig/internal/tui/screens/restore_picker.go:367.2,368.16 2 0
github.com/adrianpk/snapfig/internal/tui/screens/restore_picker.go:368.16,370.3 1 0
github.com/adrianpk/snapfig/internal/tui/screens/restore_picker.go:372.2,373.13 2 0
github.com/adrianpk/snapfig/internal/tui/screens/restore_picker.go:373.13,374.17 1 0
github.com/adrianpk/snapfig/internal/tui/screens/restore_picker.go:374.17,376.4 1 0
github.com/adrianpk/snapfig/internal/tui/screens/restore_picker.go:376.9,378.4 1 0
github.com/adrianpk/snapfig/internal/tui/screens/restore_picker.go:379.8,381.3 1 0
github.com/adrianpk/snapfig/internal/tui/screens/restore_picker.go:384.2,385.53 2 0
github.com/adrianpk/snapfig/internal/tui/screens/restore_picker.go:385.53,387.3 1 0
github.com/adrianpk/snapfig/internal/tui/screens/restore_picker.go:388.2,388.13 1 0
github.com/adrianpk/snapfig/internal/tui/screens/restore_picker.go:388.13,390.3 1 0
github.com/adrianpk/snapfig/internal/tui/screens/restore_picker.go:392.2,394.14 2 0
github.com/adrianpk/snapfig/internal/tui/screens/restore_picker.go:394.14,396.3 1 0
github.com/adrianpk/snapfig/internal/tui/screens/restore_picker.go:396.8,396.23 1 0
github.com/adrianpk/snapfig/internal/tui/screens/restore_picker.go:396.23,398.3 1 0
github.com/adrianpk/snapfig/internal/tui/screens/restore_picker.go:399.2,399.35 1 0
github.com/adrianpk/snapfig/internal/tui/screens/restore_picker.go:403.49,407.2 3 1
github.com/adrianpk/snapfig/internal/tui/screens/restore_picker.go:409.81,410.31 1 1
github.com/adrianpk/snapfig/internal/tui/screens/restore_picker.go:410.31,413.3 2 1
github.com/adrianpk/snapfig/internal/tui/screens/restore_picker.go:414.2,414.35 1 1
github.com/adrianpk/snapfig/internal/tui/screens/restore_picker.go:414.35,416.3 1 1
github.com/adrianpk/snapfig/internal/tui/screens/restore_picker.go:420.43,422.2 1 1
github.com/adrianpk/snapfig/internal/tui/screens/restore_picker.go:425.48,427.2 1 1
github.com/adrianpk/snapfig/internal/tui/screens/restore_picker.go:430.43,432.2 1 1
github.com/adrianpk/snapfig/internal/tui/screens/restore_picker.go:435.46,437.2 1 1
github.com/adrianpk/snapfig/internal/tui/screens/restore_picker.go:440.41,442.2 1 1
github.com/adrianpk/snapfig/internal/tui/screens/settings.go:39.100,81.2 28 1
github.com/adrianpk/snapfig/internal/tui/screens/settings.go:83.39,85.2 1 1
github.com/adrianpk/snapfig/internal/tui/screens/settings.go:87.65,88.27 1 1
github.com/adrianpk/snapfig/internal/tui/screens/settings.go:89.25,91.24 2 1
github.com/adrianpk/snapfig/internal/tui/screens/settings.go:93.18,94.23 1 1
github.com/adrianpk/snapfig/internal/tui/screens/settings.go:95.16,97.17 2 1
github.com/adrianpk/snapfig/internal/tui/screens/settings.go:98.14,99.17 1 0
github.com/adrianpk/snapfig/internal/tui/screens/settings.go:100.22,103.17 3 1
github.com/adrianpk/snapfig/internal/tui/screens/settings.go:104.26,107.17 3 1
github.com/adrianpk/snapfig/internal/tui/screens/settings.go:108.12,109.37 1 1
github.com/adrianpk/snapfig/internal/tui/screens/settings.go:109.37,112.5 2 1
github.com/adrianpk/snapfig/internal/tui/screens/settings.go:116.2,117.19 2 1
github.com/adrianpk/snapfig/internal/tui/screens/settings.go:118.19,119.49 1 1
github.com/adrianpk/snapfig/internal/tui/screens/settings.go:120.22,121.55 1 0
github.com/adrianpk/snapfig/internal/tui/screens/settings.go:122.25,123.61 1 0
github.com/adrianpk/snapfig/internal/tui/screens/settings.go:124.25,125.61 1 0
github.com/adrianpk/snapfig/internal/tui/screens/settings.go:126.25,127.61 1 0
github.com/adrianpk/snapfig/internal/tui/screens/settings.go:129.2,129.15 1 1
github.com/adrianpk/snapfig/internal/tui/screens/settings.go:132.39,139.19 6 1
github.com/adrianpk/snapfig/internal/tui/screens/settings.go:140.19,141.24 1 1
github.com/adrianpk/snapfig/internal/tui/screens/settings.go:142.22,143.27 1 1
github.com/adrianpk/snapfig/internal/tui/screens/settings.go:144.25,145.30 1 1
github.com/adrianpk/snapfig/internal/tui/screens/settings.go:146.25,147.30 1 1
github.com/adrianpk/snapfig/internal/tui/screens/settings.go:148.25,149.30 1 1
github.com/adrianpk/snapfig/internal/tui/screens/settings.go:153.38,192.19 27 1
github.com/adrianpk/snapfig/internal/tui/screens/settings.go:192.19,194.3 1 0
github.com/adrianpk/snapfig/internal/tui/screens/settings.go:195.2,196.35 2 1
github.com/adrianpk/snapfig/internal/tui/screens/settings.go:196.35,198.3 1 0
github.com/adrianpk/snapfig/internal/tui/screens/settings.go:199.2,204.19 4 1
github.com/adrianpk/snapfig/internal/tui/screens/settings.go:208.40,210.2 1 1
github.com/adrianpk/snapfig/internal/tui/screens/settings.go:213.43,215.2 1 1
github.com/adrianpk/snapfig/internal/tui/screens/settings.go:218.59,225.2 1 1
github.com/adrianpk/snapfig/internal/tui/screens/settings.go:228.40,230.2 1 1
